2025-01-29 23:20:18,481:WARNING:
'cuml' is a soft dependency and not included in the pycaret installation. Please run: `pip install cuml` to install.
2025-01-29 23:20:18,481:WARNING:
'cuml' is a soft dependency and not included in the pycaret installation. Please run: `pip install cuml` to install.
2025-01-29 23:20:18,481:WARNING:
'cuml' is a soft dependency and not included in the pycaret installation. Please run: `pip install cuml` to install.
2025-01-29 23:20:18,481:WARNING:
'cuml' is a soft dependency and not included in the pycaret installation. Please run: `pip install cuml` to install.
2025-01-29 23:20:33,471:WARNING:E:\Projects\AutoML\automl\lib\site-packages\ydata_profiling\model\correlations.py:66: UserWarning: There was an attempt to calculate the auto correlation, but this failed.
To hide this warning, disable the calculation
(using `df.profile_report(correlations={"auto": {"calculate": False}})`
If this is problematic for your use case, please report this as an issue:
https://github.com/ydataai/ydata-profiling/issues
(include the error message: 'Function <code object pandas_auto_compute at 0x000001F1788A7CB0, file "E:\Projects\AutoML\automl\lib\site-packages\ydata_profiling\model\pandas\correlations_pandas.py", line 167>')
  warnings.warn(

2025-01-29 23:21:36,064:WARNING:E:\Projects\AutoML\automl\lib\site-packages\ydata_profiling\model\correlations.py:66: UserWarning: There was an attempt to calculate the auto correlation, but this failed.
To hide this warning, disable the calculation
(using `df.profile_report(correlations={"auto": {"calculate": False}})`
If this is problematic for your use case, please report this as an issue:
https://github.com/ydataai/ydata-profiling/issues
(include the error message: 'Function <code object pandas_auto_compute at 0x000001F1788A7CB0, file "E:\Projects\AutoML\automl\lib\site-packages\ydata_profiling\model\pandas\correlations_pandas.py", line 167>')
  warnings.warn(

2025-01-29 23:21:42,126:INFO:PyCaret RegressionExperiment
2025-01-29 23:21:42,128:INFO:Logging name: reg-default-name
2025-01-29 23:21:42,128:INFO:ML Usecase: MLUsecase.REGRESSION
2025-01-29 23:21:42,128:INFO:version 3.3.2
2025-01-29 23:21:42,128:INFO:Initializing setup()
2025-01-29 23:21:42,128:INFO:self.USI: 2847
2025-01-29 23:21:42,128:INFO:self._variable_keys: {'transform_target_param', 'memory', 'pipeline', 'fold_shuffle_param', 'X_test', 'X_train', 'gpu_param', 'fold_groups_param', '_ml_usecase', 'y_train', 'idx', 'data', '_available_plots', 'seed', 'y', 'exp_id', 'USI', 'exp_name_log', 'fold_generator', 'gpu_n_jobs_param', 'html_param', 'X', 'logging_param', 'log_plots_param', 'n_jobs_param', 'target_param', 'y_test'}
2025-01-29 23:21:42,128:INFO:Checking environment
2025-01-29 23:21:42,129:INFO:python_version: 3.10.11
2025-01-29 23:21:42,129:INFO:python_build: ('tags/v3.10.11:7d4cc5a', 'Apr  5 2023 00:38:17')
2025-01-29 23:21:42,129:INFO:machine: AMD64
2025-01-29 23:21:42,162:INFO:platform: Windows-10-10.0.22631-SP0
2025-01-29 23:21:42,169:INFO:Memory: svmem(total=16477032448, available=5073133568, percent=69.2, used=11403898880, free=5073133568)
2025-01-29 23:21:42,169:INFO:Physical Core: 8
2025-01-29 23:21:42,169:INFO:Logical Core: 16
2025-01-29 23:21:42,170:INFO:Checking libraries
2025-01-29 23:21:42,170:INFO:System:
2025-01-29 23:21:42,170:INFO:    python: 3.10.11 (tags/v3.10.11:7d4cc5a, Apr  5 2023, 00:38:17) [MSC v.1929 64 bit (AMD64)]
2025-01-29 23:21:42,170:INFO:executable: E:\Projects\AutoML\automl\Scripts\python.exe
2025-01-29 23:21:42,171:INFO:   machine: Windows-10-10.0.22631-SP0
2025-01-29 23:21:42,171:INFO:PyCaret required dependencies:
2025-01-29 23:21:42,256:INFO:                 pip: 23.0.1
2025-01-29 23:21:42,256:INFO:          setuptools: 65.5.0
2025-01-29 23:21:42,256:INFO:             pycaret: 3.3.2
2025-01-29 23:21:42,256:INFO:             IPython: 8.31.0
2025-01-29 23:21:42,256:INFO:          ipywidgets: 8.1.5
2025-01-29 23:21:42,256:INFO:                tqdm: 4.67.1
2025-01-29 23:21:42,256:INFO:               numpy: 1.26.4
2025-01-29 23:21:42,256:INFO:              pandas: 2.1.4
2025-01-29 23:21:42,256:INFO:              jinja2: 3.1.5
2025-01-29 23:21:42,256:INFO:               scipy: 1.11.4
2025-01-29 23:21:42,256:INFO:              joblib: 1.3.2
2025-01-29 23:21:42,257:INFO:             sklearn: 1.4.2
2025-01-29 23:21:42,257:INFO:                pyod: 2.0.3
2025-01-29 23:21:42,257:INFO:            imblearn: 0.13.0
2025-01-29 23:21:42,257:INFO:   category_encoders: 2.7.0
2025-01-29 23:21:42,257:INFO:            lightgbm: 4.5.0
2025-01-29 23:21:42,257:INFO:               numba: 0.61.0
2025-01-29 23:21:42,257:INFO:            requests: 2.32.3
2025-01-29 23:21:42,257:INFO:          matplotlib: 3.7.5
2025-01-29 23:21:42,257:INFO:          scikitplot: 0.3.7
2025-01-29 23:21:42,257:INFO:         yellowbrick: 1.5
2025-01-29 23:21:42,257:INFO:              plotly: 5.24.1
2025-01-29 23:21:42,257:INFO:    plotly-resampler: Not installed
2025-01-29 23:21:42,257:INFO:             kaleido: 0.2.1
2025-01-29 23:21:42,257:INFO:           schemdraw: 0.15
2025-01-29 23:21:42,257:INFO:         statsmodels: 0.14.4
2025-01-29 23:21:42,257:INFO:              sktime: 0.26.0
2025-01-29 23:21:42,257:INFO:               tbats: 1.1.3
2025-01-29 23:21:42,257:INFO:            pmdarima: 2.0.4
2025-01-29 23:21:42,258:INFO:              psutil: 6.1.1
2025-01-29 23:21:42,258:INFO:          markupsafe: 3.0.2
2025-01-29 23:21:42,258:INFO:             pickle5: Not installed
2025-01-29 23:21:42,258:INFO:         cloudpickle: 3.1.1
2025-01-29 23:21:42,258:INFO:         deprecation: 2.1.0
2025-01-29 23:21:42,258:INFO:              xxhash: 3.5.0
2025-01-29 23:21:42,258:INFO:           wurlitzer: Not installed
2025-01-29 23:21:42,258:INFO:PyCaret optional dependencies:
2025-01-29 23:21:42,271:INFO:                shap: Not installed
2025-01-29 23:21:42,271:INFO:           interpret: Not installed
2025-01-29 23:21:42,271:INFO:                umap: Not installed
2025-01-29 23:21:42,271:INFO:     ydata_profiling: 4.12.2
2025-01-29 23:21:42,271:INFO:  explainerdashboard: Not installed
2025-01-29 23:21:42,271:INFO:             autoviz: Not installed
2025-01-29 23:21:42,272:INFO:           fairlearn: Not installed
2025-01-29 23:21:42,272:INFO:          deepchecks: Not installed
2025-01-29 23:21:42,272:INFO:             xgboost: Not installed
2025-01-29 23:21:42,272:INFO:            catboost: Not installed
2025-01-29 23:21:42,272:INFO:              kmodes: Not installed
2025-01-29 23:21:42,272:INFO:             mlxtend: Not installed
2025-01-29 23:21:42,272:INFO:       statsforecast: Not installed
2025-01-29 23:21:42,272:INFO:        tune_sklearn: Not installed
2025-01-29 23:21:42,272:INFO:                 ray: Not installed
2025-01-29 23:21:42,272:INFO:            hyperopt: Not installed
2025-01-29 23:21:42,272:INFO:              optuna: Not installed
2025-01-29 23:21:42,272:INFO:               skopt: Not installed
2025-01-29 23:21:42,272:INFO:              mlflow: Not installed
2025-01-29 23:21:42,272:INFO:              gradio: Not installed
2025-01-29 23:21:42,272:INFO:             fastapi: Not installed
2025-01-29 23:21:42,272:INFO:             uvicorn: Not installed
2025-01-29 23:21:42,273:INFO:              m2cgen: Not installed
2025-01-29 23:21:42,273:INFO:           evidently: Not installed
2025-01-29 23:21:42,273:INFO:               fugue: Not installed
2025-01-29 23:21:42,273:INFO:           streamlit: 1.41.1
2025-01-29 23:21:42,273:INFO:             prophet: Not installed
2025-01-29 23:21:42,273:INFO:None
2025-01-29 23:21:42,273:INFO:Set up data.
2025-01-29 23:21:42,280:INFO:Set up folding strategy.
2025-01-29 23:21:42,280:INFO:Set up train/test split.
2025-01-29 23:21:42,286:INFO:Set up index.
2025-01-29 23:21:42,286:INFO:Assigning column types.
2025-01-29 23:21:42,290:INFO:Engine successfully changes for model 'lr' to 'sklearn'.
2025-01-29 23:21:42,290:INFO:Engine for model 'lasso' has not been set explicitly, hence returning None.
2025-01-29 23:21:42,300:INFO:Engine for model 'ridge' has not been set explicitly, hence returning None.
2025-01-29 23:21:42,306:INFO:Engine for model 'en' has not been set explicitly, hence returning None.
2025-01-29 23:21:42,386:INFO:Engine for model 'svm' has not been set explicitly, hence returning None.
2025-01-29 23:21:42,440:INFO:Engine for model 'knn' has not been set explicitly, hence returning None.
2025-01-29 23:21:42,441:WARNING:
'xgboost' is a soft dependency and not included in the pycaret installation. Please run: `pip install xgboost` to install.
Alternately, you can install this by running `pip install pycaret[models]`
2025-01-29 23:21:42,441:WARNING:
'catboost' is a soft dependency and not included in the pycaret installation. Please run: `pip install catboost` to install.
Alternately, you can install this by running `pip install pycaret[models]`
2025-01-29 23:21:42,442:INFO:Engine for model 'lasso' has not been set explicitly, hence returning None.
2025-01-29 23:21:42,450:INFO:Engine for model 'ridge' has not been set explicitly, hence returning None.
2025-01-29 23:21:42,457:INFO:Engine for model 'en' has not been set explicitly, hence returning None.
2025-01-29 23:21:42,533:INFO:Engine for model 'svm' has not been set explicitly, hence returning None.
2025-01-29 23:21:42,581:INFO:Engine for model 'knn' has not been set explicitly, hence returning None.
2025-01-29 23:21:42,581:WARNING:
'xgboost' is a soft dependency and not included in the pycaret installation. Please run: `pip install xgboost` to install.
Alternately, you can install this by running `pip install pycaret[models]`
2025-01-29 23:21:42,582:WARNING:
'catboost' is a soft dependency and not included in the pycaret installation. Please run: `pip install catboost` to install.
Alternately, you can install this by running `pip install pycaret[models]`
2025-01-29 23:21:42,582:INFO:Engine successfully changes for model 'lasso' to 'sklearn'.
2025-01-29 23:21:42,588:INFO:Engine for model 'ridge' has not been set explicitly, hence returning None.
2025-01-29 23:21:42,594:INFO:Engine for model 'en' has not been set explicitly, hence returning None.
2025-01-29 23:21:42,665:INFO:Engine for model 'svm' has not been set explicitly, hence returning None.
2025-01-29 23:21:42,722:INFO:Engine for model 'knn' has not been set explicitly, hence returning None.
2025-01-29 23:21:42,724:WARNING:
'xgboost' is a soft dependency and not included in the pycaret installation. Please run: `pip install xgboost` to install.
Alternately, you can install this by running `pip install pycaret[models]`
2025-01-29 23:21:42,730:WARNING:
'catboost' is a soft dependency and not included in the pycaret installation. Please run: `pip install catboost` to install.
Alternately, you can install this by running `pip install pycaret[models]`
2025-01-29 23:21:42,736:INFO:Engine for model 'ridge' has not been set explicitly, hence returning None.
2025-01-29 23:21:42,741:INFO:Engine for model 'en' has not been set explicitly, hence returning None.
2025-01-29 23:21:42,828:INFO:Engine for model 'svm' has not been set explicitly, hence returning None.
2025-01-29 23:21:42,884:INFO:Engine for model 'knn' has not been set explicitly, hence returning None.
2025-01-29 23:21:42,884:WARNING:
'xgboost' is a soft dependency and not included in the pycaret installation. Please run: `pip install xgboost` to install.
Alternately, you can install this by running `pip install pycaret[models]`
2025-01-29 23:21:42,885:WARNING:
'catboost' is a soft dependency and not included in the pycaret installation. Please run: `pip install catboost` to install.
Alternately, you can install this by running `pip install pycaret[models]`
2025-01-29 23:21:42,885:INFO:Engine successfully changes for model 'ridge' to 'sklearn'.
2025-01-29 23:21:42,898:INFO:Engine for model 'en' has not been set explicitly, hence returning None.
2025-01-29 23:21:42,960:INFO:Engine for model 'svm' has not been set explicitly, hence returning None.
2025-01-29 23:21:43,043:INFO:Engine for model 'knn' has not been set explicitly, hence returning None.
2025-01-29 23:21:43,047:WARNING:
'xgboost' is a soft dependency and not included in the pycaret installation. Please run: `pip install xgboost` to install.
Alternately, you can install this by running `pip install pycaret[models]`
2025-01-29 23:21:43,048:WARNING:
'catboost' is a soft dependency and not included in the pycaret installation. Please run: `pip install catboost` to install.
Alternately, you can install this by running `pip install pycaret[models]`
2025-01-29 23:21:43,071:INFO:Engine for model 'en' has not been set explicitly, hence returning None.
2025-01-29 23:21:43,144:INFO:Engine for model 'svm' has not been set explicitly, hence returning None.
2025-01-29 23:21:43,198:INFO:Engine for model 'knn' has not been set explicitly, hence returning None.
2025-01-29 23:21:43,199:WARNING:
'xgboost' is a soft dependency and not included in the pycaret installation. Please run: `pip install xgboost` to install.
Alternately, you can install this by running `pip install pycaret[models]`
2025-01-29 23:21:43,199:WARNING:
'catboost' is a soft dependency and not included in the pycaret installation. Please run: `pip install catboost` to install.
Alternately, you can install this by running `pip install pycaret[models]`
2025-01-29 23:21:43,199:INFO:Engine successfully changes for model 'en' to 'sklearn'.
2025-01-29 23:21:43,286:INFO:Engine for model 'svm' has not been set explicitly, hence returning None.
2025-01-29 23:21:43,344:INFO:Engine for model 'knn' has not been set explicitly, hence returning None.
2025-01-29 23:21:43,345:WARNING:
'xgboost' is a soft dependency and not included in the pycaret installation. Please run: `pip install xgboost` to install.
Alternately, you can install this by running `pip install pycaret[models]`
2025-01-29 23:21:43,345:WARNING:
'catboost' is a soft dependency and not included in the pycaret installation. Please run: `pip install catboost` to install.
Alternately, you can install this by running `pip install pycaret[models]`
2025-01-29 23:21:43,431:INFO:Engine for model 'svm' has not been set explicitly, hence returning None.
2025-01-29 23:21:43,479:INFO:Engine for model 'knn' has not been set explicitly, hence returning None.
2025-01-29 23:21:43,480:WARNING:
'xgboost' is a soft dependency and not included in the pycaret installation. Please run: `pip install xgboost` to install.
Alternately, you can install this by running `pip install pycaret[models]`
2025-01-29 23:21:43,480:WARNING:
'catboost' is a soft dependency and not included in the pycaret installation. Please run: `pip install catboost` to install.
Alternately, you can install this by running `pip install pycaret[models]`
2025-01-29 23:21:43,481:INFO:Engine successfully changes for model 'knn' to 'sklearn'.
2025-01-29 23:21:43,566:INFO:Engine for model 'svm' has not been set explicitly, hence returning None.
2025-01-29 23:21:43,624:WARNING:
'xgboost' is a soft dependency and not included in the pycaret installation. Please run: `pip install xgboost` to install.
Alternately, you can install this by running `pip install pycaret[models]`
2025-01-29 23:21:43,624:WARNING:
'catboost' is a soft dependency and not included in the pycaret installation. Please run: `pip install catboost` to install.
Alternately, you can install this by running `pip install pycaret[models]`
2025-01-29 23:21:43,699:INFO:Engine for model 'svm' has not been set explicitly, hence returning None.
2025-01-29 23:21:43,753:WARNING:
'xgboost' is a soft dependency and not included in the pycaret installation. Please run: `pip install xgboost` to install.
Alternately, you can install this by running `pip install pycaret[models]`
2025-01-29 23:21:43,753:WARNING:
'catboost' is a soft dependency and not included in the pycaret installation. Please run: `pip install catboost` to install.
Alternately, you can install this by running `pip install pycaret[models]`
2025-01-29 23:21:43,754:INFO:Engine successfully changes for model 'svm' to 'sklearn'.
2025-01-29 23:21:43,897:WARNING:
'xgboost' is a soft dependency and not included in the pycaret installation. Please run: `pip install xgboost` to install.
Alternately, you can install this by running `pip install pycaret[models]`
2025-01-29 23:21:43,897:WARNING:
'catboost' is a soft dependency and not included in the pycaret installation. Please run: `pip install catboost` to install.
Alternately, you can install this by running `pip install pycaret[models]`
2025-01-29 23:21:44,030:WARNING:
'xgboost' is a soft dependency and not included in the pycaret installation. Please run: `pip install xgboost` to install.
Alternately, you can install this by running `pip install pycaret[models]`
2025-01-29 23:21:44,031:WARNING:
'catboost' is a soft dependency and not included in the pycaret installation. Please run: `pip install catboost` to install.
Alternately, you can install this by running `pip install pycaret[models]`
2025-01-29 23:21:44,043:INFO:Preparing preprocessing pipeline...
2025-01-29 23:21:44,045:INFO:Set up simple imputation.
2025-01-29 23:21:44,049:INFO:Set up encoding of ordinal features.
2025-01-29 23:21:44,051:INFO:Set up encoding of categorical features.
2025-01-29 23:22:25,498:INFO:PyCaret RegressionExperiment
2025-01-29 23:22:25,498:INFO:Logging name: reg-default-name
2025-01-29 23:22:25,498:INFO:ML Usecase: MLUsecase.REGRESSION
2025-01-29 23:22:25,498:INFO:version 3.3.2
2025-01-29 23:22:25,498:INFO:Initializing setup()
2025-01-29 23:22:25,499:INFO:self.USI: 30b6
2025-01-29 23:22:25,499:INFO:self._variable_keys: {'transform_target_param', 'memory', 'pipeline', 'fold_shuffle_param', 'X_test', 'X_train', 'gpu_param', 'fold_groups_param', '_ml_usecase', 'y_train', 'idx', 'data', '_available_plots', 'seed', 'y', 'exp_id', 'USI', 'exp_name_log', 'fold_generator', 'gpu_n_jobs_param', 'html_param', 'X', 'logging_param', 'log_plots_param', 'n_jobs_param', 'target_param', 'y_test'}
2025-01-29 23:22:25,499:INFO:Checking environment
2025-01-29 23:22:25,499:INFO:python_version: 3.10.11
2025-01-29 23:22:25,499:INFO:python_build: ('tags/v3.10.11:7d4cc5a', 'Apr  5 2023 00:38:17')
2025-01-29 23:22:25,499:INFO:machine: AMD64
2025-01-29 23:22:25,499:INFO:platform: Windows-10-10.0.22631-SP0
2025-01-29 23:22:25,505:INFO:Memory: svmem(total=16477032448, available=5003980800, percent=69.6, used=11473051648, free=5003980800)
2025-01-29 23:22:25,505:INFO:Physical Core: 8
2025-01-29 23:22:25,505:INFO:Logical Core: 16
2025-01-29 23:22:25,505:INFO:Checking libraries
2025-01-29 23:22:25,505:INFO:System:
2025-01-29 23:22:25,505:INFO:    python: 3.10.11 (tags/v3.10.11:7d4cc5a, Apr  5 2023, 00:38:17) [MSC v.1929 64 bit (AMD64)]
2025-01-29 23:22:25,505:INFO:executable: E:\Projects\AutoML\automl\Scripts\python.exe
2025-01-29 23:22:25,505:INFO:   machine: Windows-10-10.0.22631-SP0
2025-01-29 23:22:25,505:INFO:PyCaret required dependencies:
2025-01-29 23:22:25,505:INFO:                 pip: 23.0.1
2025-01-29 23:22:25,505:INFO:          setuptools: 65.5.0
2025-01-29 23:22:25,506:INFO:             pycaret: 3.3.2
2025-01-29 23:22:25,506:INFO:             IPython: 8.31.0
2025-01-29 23:22:25,506:INFO:          ipywidgets: 8.1.5
2025-01-29 23:22:25,506:INFO:                tqdm: 4.67.1
2025-01-29 23:22:25,506:INFO:               numpy: 1.26.4
2025-01-29 23:22:25,506:INFO:              pandas: 2.1.4
2025-01-29 23:22:25,506:INFO:              jinja2: 3.1.5
2025-01-29 23:22:25,506:INFO:               scipy: 1.11.4
2025-01-29 23:22:25,506:INFO:              joblib: 1.3.2
2025-01-29 23:22:25,506:INFO:             sklearn: 1.4.2
2025-01-29 23:22:25,506:INFO:                pyod: 2.0.3
2025-01-29 23:22:25,506:INFO:            imblearn: 0.13.0
2025-01-29 23:22:25,506:INFO:   category_encoders: 2.7.0
2025-01-29 23:22:25,506:INFO:            lightgbm: 4.5.0
2025-01-29 23:22:25,506:INFO:               numba: 0.61.0
2025-01-29 23:22:25,506:INFO:            requests: 2.32.3
2025-01-29 23:22:25,506:INFO:          matplotlib: 3.7.5
2025-01-29 23:22:25,506:INFO:          scikitplot: 0.3.7
2025-01-29 23:22:25,507:INFO:         yellowbrick: 1.5
2025-01-29 23:22:25,507:INFO:              plotly: 5.24.1
2025-01-29 23:22:25,507:INFO:    plotly-resampler: Not installed
2025-01-29 23:22:25,507:INFO:             kaleido: 0.2.1
2025-01-29 23:22:25,507:INFO:           schemdraw: 0.15
2025-01-29 23:22:25,507:INFO:         statsmodels: 0.14.4
2025-01-29 23:22:25,507:INFO:              sktime: 0.26.0
2025-01-29 23:22:25,507:INFO:               tbats: 1.1.3
2025-01-29 23:22:25,507:INFO:            pmdarima: 2.0.4
2025-01-29 23:22:25,507:INFO:              psutil: 6.1.1
2025-01-29 23:22:25,507:INFO:          markupsafe: 3.0.2
2025-01-29 23:22:25,507:INFO:             pickle5: Not installed
2025-01-29 23:22:25,507:INFO:         cloudpickle: 3.1.1
2025-01-29 23:22:25,507:INFO:         deprecation: 2.1.0
2025-01-29 23:22:25,507:INFO:              xxhash: 3.5.0
2025-01-29 23:22:25,507:INFO:           wurlitzer: Not installed
2025-01-29 23:22:25,507:INFO:PyCaret optional dependencies:
2025-01-29 23:22:25,507:INFO:                shap: Not installed
2025-01-29 23:22:25,507:INFO:           interpret: Not installed
2025-01-29 23:22:25,507:INFO:                umap: Not installed
2025-01-29 23:22:25,507:INFO:     ydata_profiling: 4.12.2
2025-01-29 23:22:25,507:INFO:  explainerdashboard: Not installed
2025-01-29 23:22:25,507:INFO:             autoviz: Not installed
2025-01-29 23:22:25,507:INFO:           fairlearn: Not installed
2025-01-29 23:22:25,507:INFO:          deepchecks: Not installed
2025-01-29 23:22:25,507:INFO:             xgboost: Not installed
2025-01-29 23:22:25,508:INFO:            catboost: Not installed
2025-01-29 23:22:25,508:INFO:              kmodes: Not installed
2025-01-29 23:22:25,508:INFO:             mlxtend: Not installed
2025-01-29 23:22:25,508:INFO:       statsforecast: Not installed
2025-01-29 23:22:25,508:INFO:        tune_sklearn: Not installed
2025-01-29 23:22:25,508:INFO:                 ray: Not installed
2025-01-29 23:22:25,508:INFO:            hyperopt: Not installed
2025-01-29 23:22:25,508:INFO:              optuna: Not installed
2025-01-29 23:22:25,508:INFO:               skopt: Not installed
2025-01-29 23:22:25,508:INFO:              mlflow: Not installed
2025-01-29 23:22:25,508:INFO:              gradio: Not installed
2025-01-29 23:22:25,508:INFO:             fastapi: Not installed
2025-01-29 23:22:25,508:INFO:             uvicorn: Not installed
2025-01-29 23:22:25,508:INFO:              m2cgen: Not installed
2025-01-29 23:22:25,508:INFO:           evidently: Not installed
2025-01-29 23:22:25,508:INFO:               fugue: Not installed
2025-01-29 23:22:25,508:INFO:           streamlit: 1.41.1
2025-01-29 23:22:25,508:INFO:             prophet: Not installed
2025-01-29 23:22:25,508:INFO:None
2025-01-29 23:22:25,508:INFO:Set up data.
2025-01-29 23:22:36,367:INFO:PyCaret RegressionExperiment
2025-01-29 23:22:36,367:INFO:Logging name: reg-default-name
2025-01-29 23:22:36,367:INFO:ML Usecase: MLUsecase.REGRESSION
2025-01-29 23:22:36,367:INFO:version 3.3.2
2025-01-29 23:22:36,367:INFO:Initializing setup()
2025-01-29 23:22:36,367:INFO:self.USI: afe6
2025-01-29 23:22:36,367:INFO:self._variable_keys: {'transform_target_param', 'memory', 'pipeline', 'fold_shuffle_param', 'X_test', 'X_train', 'gpu_param', 'fold_groups_param', '_ml_usecase', 'y_train', 'idx', 'data', '_available_plots', 'seed', 'y', 'exp_id', 'USI', 'exp_name_log', 'fold_generator', 'gpu_n_jobs_param', 'html_param', 'X', 'logging_param', 'log_plots_param', 'n_jobs_param', 'target_param', 'y_test'}
2025-01-29 23:22:36,367:INFO:Checking environment
2025-01-29 23:22:36,367:INFO:python_version: 3.10.11
2025-01-29 23:22:36,367:INFO:python_build: ('tags/v3.10.11:7d4cc5a', 'Apr  5 2023 00:38:17')
2025-01-29 23:22:36,367:INFO:machine: AMD64
2025-01-29 23:22:36,367:INFO:platform: Windows-10-10.0.22631-SP0
2025-01-29 23:22:36,372:INFO:Memory: svmem(total=16477032448, available=4856389632, percent=70.5, used=11620642816, free=4856389632)
2025-01-29 23:22:36,372:INFO:Physical Core: 8
2025-01-29 23:22:36,372:INFO:Logical Core: 16
2025-01-29 23:22:36,373:INFO:Checking libraries
2025-01-29 23:22:36,373:INFO:System:
2025-01-29 23:22:36,373:INFO:    python: 3.10.11 (tags/v3.10.11:7d4cc5a, Apr  5 2023, 00:38:17) [MSC v.1929 64 bit (AMD64)]
2025-01-29 23:22:36,373:INFO:executable: E:\Projects\AutoML\automl\Scripts\python.exe
2025-01-29 23:22:36,373:INFO:   machine: Windows-10-10.0.22631-SP0
2025-01-29 23:22:36,373:INFO:PyCaret required dependencies:
2025-01-29 23:22:36,373:INFO:                 pip: 23.0.1
2025-01-29 23:22:36,373:INFO:          setuptools: 65.5.0
2025-01-29 23:22:36,373:INFO:             pycaret: 3.3.2
2025-01-29 23:22:36,373:INFO:             IPython: 8.31.0
2025-01-29 23:22:36,373:INFO:          ipywidgets: 8.1.5
2025-01-29 23:22:36,373:INFO:                tqdm: 4.67.1
2025-01-29 23:22:36,373:INFO:               numpy: 1.26.4
2025-01-29 23:22:36,373:INFO:              pandas: 2.1.4
2025-01-29 23:22:36,373:INFO:              jinja2: 3.1.5
2025-01-29 23:22:36,373:INFO:               scipy: 1.11.4
2025-01-29 23:22:36,373:INFO:              joblib: 1.3.2
2025-01-29 23:22:36,373:INFO:             sklearn: 1.4.2
2025-01-29 23:22:36,373:INFO:                pyod: 2.0.3
2025-01-29 23:22:36,373:INFO:            imblearn: 0.13.0
2025-01-29 23:22:36,373:INFO:   category_encoders: 2.7.0
2025-01-29 23:22:36,373:INFO:            lightgbm: 4.5.0
2025-01-29 23:22:36,373:INFO:               numba: 0.61.0
2025-01-29 23:22:36,373:INFO:            requests: 2.32.3
2025-01-29 23:22:36,373:INFO:          matplotlib: 3.7.5
2025-01-29 23:22:36,374:INFO:          scikitplot: 0.3.7
2025-01-29 23:22:36,374:INFO:         yellowbrick: 1.5
2025-01-29 23:22:36,374:INFO:              plotly: 5.24.1
2025-01-29 23:22:36,374:INFO:    plotly-resampler: Not installed
2025-01-29 23:22:36,374:INFO:             kaleido: 0.2.1
2025-01-29 23:22:36,374:INFO:           schemdraw: 0.15
2025-01-29 23:22:36,374:INFO:         statsmodels: 0.14.4
2025-01-29 23:22:36,374:INFO:              sktime: 0.26.0
2025-01-29 23:22:36,374:INFO:               tbats: 1.1.3
2025-01-29 23:22:36,374:INFO:            pmdarima: 2.0.4
2025-01-29 23:22:36,374:INFO:              psutil: 6.1.1
2025-01-29 23:22:36,374:INFO:          markupsafe: 3.0.2
2025-01-29 23:22:36,374:INFO:             pickle5: Not installed
2025-01-29 23:22:36,374:INFO:         cloudpickle: 3.1.1
2025-01-29 23:22:36,374:INFO:         deprecation: 2.1.0
2025-01-29 23:22:36,374:INFO:              xxhash: 3.5.0
2025-01-29 23:22:36,374:INFO:           wurlitzer: Not installed
2025-01-29 23:22:36,374:INFO:PyCaret optional dependencies:
2025-01-29 23:22:36,374:INFO:                shap: Not installed
2025-01-29 23:22:36,374:INFO:           interpret: Not installed
2025-01-29 23:22:36,374:INFO:                umap: Not installed
2025-01-29 23:22:36,375:INFO:     ydata_profiling: 4.12.2
2025-01-29 23:22:36,375:INFO:  explainerdashboard: Not installed
2025-01-29 23:22:36,375:INFO:             autoviz: Not installed
2025-01-29 23:22:36,375:INFO:           fairlearn: Not installed
2025-01-29 23:22:36,375:INFO:          deepchecks: Not installed
2025-01-29 23:22:36,375:INFO:             xgboost: Not installed
2025-01-29 23:22:36,375:INFO:            catboost: Not installed
2025-01-29 23:22:36,375:INFO:              kmodes: Not installed
2025-01-29 23:22:36,375:INFO:             mlxtend: Not installed
2025-01-29 23:22:36,375:INFO:       statsforecast: Not installed
2025-01-29 23:22:36,375:INFO:        tune_sklearn: Not installed
2025-01-29 23:22:36,375:INFO:                 ray: Not installed
2025-01-29 23:22:36,375:INFO:            hyperopt: Not installed
2025-01-29 23:22:36,375:INFO:              optuna: Not installed
2025-01-29 23:22:36,375:INFO:               skopt: Not installed
2025-01-29 23:22:36,375:INFO:              mlflow: Not installed
2025-01-29 23:22:36,375:INFO:              gradio: Not installed
2025-01-29 23:22:36,375:INFO:             fastapi: Not installed
2025-01-29 23:22:36,375:INFO:             uvicorn: Not installed
2025-01-29 23:22:36,375:INFO:              m2cgen: Not installed
2025-01-29 23:22:36,376:INFO:           evidently: Not installed
2025-01-29 23:22:36,376:INFO:               fugue: Not installed
2025-01-29 23:22:36,376:INFO:           streamlit: 1.41.1
2025-01-29 23:22:36,376:INFO:             prophet: Not installed
2025-01-29 23:22:36,376:INFO:None
2025-01-29 23:22:36,376:INFO:Set up data.
2025-01-29 23:22:42,016:INFO:PyCaret RegressionExperiment
2025-01-29 23:22:42,016:INFO:Logging name: reg-default-name
2025-01-29 23:22:42,016:INFO:ML Usecase: MLUsecase.REGRESSION
2025-01-29 23:22:42,016:INFO:version 3.3.2
2025-01-29 23:22:42,016:INFO:Initializing setup()
2025-01-29 23:22:42,016:INFO:self.USI: 9fa3
2025-01-29 23:22:42,016:INFO:self._variable_keys: {'transform_target_param', 'memory', 'pipeline', 'fold_shuffle_param', 'X_test', 'X_train', 'gpu_param', 'fold_groups_param', '_ml_usecase', 'y_train', 'idx', 'data', '_available_plots', 'seed', 'y', 'exp_id', 'USI', 'exp_name_log', 'fold_generator', 'gpu_n_jobs_param', 'html_param', 'X', 'logging_param', 'log_plots_param', 'n_jobs_param', 'target_param', 'y_test'}
2025-01-29 23:22:42,016:INFO:Checking environment
2025-01-29 23:22:42,016:INFO:python_version: 3.10.11
2025-01-29 23:22:42,016:INFO:python_build: ('tags/v3.10.11:7d4cc5a', 'Apr  5 2023 00:38:17')
2025-01-29 23:22:42,016:INFO:machine: AMD64
2025-01-29 23:22:42,016:INFO:platform: Windows-10-10.0.22631-SP0
2025-01-29 23:22:42,021:INFO:Memory: svmem(total=16477032448, available=4779823104, percent=71.0, used=11697209344, free=4779823104)
2025-01-29 23:22:42,021:INFO:Physical Core: 8
2025-01-29 23:22:42,021:INFO:Logical Core: 16
2025-01-29 23:22:42,021:INFO:Checking libraries
2025-01-29 23:22:42,021:INFO:System:
2025-01-29 23:22:42,022:INFO:    python: 3.10.11 (tags/v3.10.11:7d4cc5a, Apr  5 2023, 00:38:17) [MSC v.1929 64 bit (AMD64)]
2025-01-29 23:22:42,022:INFO:executable: E:\Projects\AutoML\automl\Scripts\python.exe
2025-01-29 23:22:42,022:INFO:   machine: Windows-10-10.0.22631-SP0
2025-01-29 23:22:42,022:INFO:PyCaret required dependencies:
2025-01-29 23:22:42,022:INFO:                 pip: 23.0.1
2025-01-29 23:22:42,022:INFO:          setuptools: 65.5.0
2025-01-29 23:22:42,022:INFO:             pycaret: 3.3.2
2025-01-29 23:22:42,022:INFO:             IPython: 8.31.0
2025-01-29 23:22:42,022:INFO:          ipywidgets: 8.1.5
2025-01-29 23:22:42,022:INFO:                tqdm: 4.67.1
2025-01-29 23:22:42,022:INFO:               numpy: 1.26.4
2025-01-29 23:22:42,022:INFO:              pandas: 2.1.4
2025-01-29 23:22:42,022:INFO:              jinja2: 3.1.5
2025-01-29 23:22:42,022:INFO:               scipy: 1.11.4
2025-01-29 23:22:42,022:INFO:              joblib: 1.3.2
2025-01-29 23:22:42,022:INFO:             sklearn: 1.4.2
2025-01-29 23:22:42,022:INFO:                pyod: 2.0.3
2025-01-29 23:22:42,022:INFO:            imblearn: 0.13.0
2025-01-29 23:22:42,022:INFO:   category_encoders: 2.7.0
2025-01-29 23:22:42,022:INFO:            lightgbm: 4.5.0
2025-01-29 23:22:42,022:INFO:               numba: 0.61.0
2025-01-29 23:22:42,022:INFO:            requests: 2.32.3
2025-01-29 23:22:42,022:INFO:          matplotlib: 3.7.5
2025-01-29 23:22:42,022:INFO:          scikitplot: 0.3.7
2025-01-29 23:22:42,022:INFO:         yellowbrick: 1.5
2025-01-29 23:22:42,022:INFO:              plotly: 5.24.1
2025-01-29 23:22:42,022:INFO:    plotly-resampler: Not installed
2025-01-29 23:22:42,022:INFO:             kaleido: 0.2.1
2025-01-29 23:22:42,022:INFO:           schemdraw: 0.15
2025-01-29 23:22:42,022:INFO:         statsmodels: 0.14.4
2025-01-29 23:22:42,022:INFO:              sktime: 0.26.0
2025-01-29 23:22:42,022:INFO:               tbats: 1.1.3
2025-01-29 23:22:42,023:INFO:            pmdarima: 2.0.4
2025-01-29 23:22:42,023:INFO:              psutil: 6.1.1
2025-01-29 23:22:42,023:INFO:          markupsafe: 3.0.2
2025-01-29 23:22:42,023:INFO:             pickle5: Not installed
2025-01-29 23:22:42,023:INFO:         cloudpickle: 3.1.1
2025-01-29 23:22:42,023:INFO:         deprecation: 2.1.0
2025-01-29 23:22:42,023:INFO:              xxhash: 3.5.0
2025-01-29 23:22:42,023:INFO:           wurlitzer: Not installed
2025-01-29 23:22:42,023:INFO:PyCaret optional dependencies:
2025-01-29 23:22:42,023:INFO:                shap: Not installed
2025-01-29 23:22:42,023:INFO:           interpret: Not installed
2025-01-29 23:22:42,023:INFO:                umap: Not installed
2025-01-29 23:22:42,023:INFO:     ydata_profiling: 4.12.2
2025-01-29 23:22:42,023:INFO:  explainerdashboard: Not installed
2025-01-29 23:22:42,023:INFO:             autoviz: Not installed
2025-01-29 23:22:42,023:INFO:           fairlearn: Not installed
2025-01-29 23:22:42,023:INFO:          deepchecks: Not installed
2025-01-29 23:22:42,023:INFO:             xgboost: Not installed
2025-01-29 23:22:42,023:INFO:            catboost: Not installed
2025-01-29 23:22:42,023:INFO:              kmodes: Not installed
2025-01-29 23:22:42,023:INFO:             mlxtend: Not installed
2025-01-29 23:22:42,023:INFO:       statsforecast: Not installed
2025-01-29 23:22:42,023:INFO:        tune_sklearn: Not installed
2025-01-29 23:22:42,023:INFO:                 ray: Not installed
2025-01-29 23:22:42,023:INFO:            hyperopt: Not installed
2025-01-29 23:22:42,023:INFO:              optuna: Not installed
2025-01-29 23:22:42,023:INFO:               skopt: Not installed
2025-01-29 23:22:42,023:INFO:              mlflow: Not installed
2025-01-29 23:22:42,023:INFO:              gradio: Not installed
2025-01-29 23:22:42,023:INFO:             fastapi: Not installed
2025-01-29 23:22:42,023:INFO:             uvicorn: Not installed
2025-01-29 23:22:42,024:INFO:              m2cgen: Not installed
2025-01-29 23:22:42,024:INFO:           evidently: Not installed
2025-01-29 23:22:42,024:INFO:               fugue: Not installed
2025-01-29 23:22:42,024:INFO:           streamlit: 1.41.1
2025-01-29 23:22:42,024:INFO:             prophet: Not installed
2025-01-29 23:22:42,024:INFO:None
2025-01-29 23:22:42,024:INFO:Set up data.
2025-01-29 23:22:42,032:INFO:Set up folding strategy.
2025-01-29 23:22:42,032:INFO:Set up train/test split.
2025-01-29 23:22:42,037:INFO:Set up index.
2025-01-29 23:22:42,038:INFO:Assigning column types.
2025-01-29 23:22:42,043:INFO:Engine successfully changes for model 'lr' to 'sklearn'.
2025-01-29 23:22:42,043:INFO:Engine for model 'lasso' has not been set explicitly, hence returning None.
2025-01-29 23:22:42,049:INFO:Engine for model 'ridge' has not been set explicitly, hence returning None.
2025-01-29 23:22:42,055:INFO:Engine for model 'en' has not been set explicitly, hence returning None.
2025-01-29 23:22:42,121:INFO:Engine for model 'svm' has not been set explicitly, hence returning None.
2025-01-29 23:22:42,183:INFO:Engine for model 'knn' has not been set explicitly, hence returning None.
2025-01-29 23:22:42,183:WARNING:
'xgboost' is a soft dependency and not included in the pycaret installation. Please run: `pip install xgboost` to install.
Alternately, you can install this by running `pip install pycaret[models]`
2025-01-29 23:22:42,183:WARNING:
'catboost' is a soft dependency and not included in the pycaret installation. Please run: `pip install catboost` to install.
Alternately, you can install this by running `pip install pycaret[models]`
2025-01-29 23:22:42,184:INFO:Engine for model 'lasso' has not been set explicitly, hence returning None.
2025-01-29 23:22:42,188:INFO:Engine for model 'ridge' has not been set explicitly, hence returning None.
2025-01-29 23:22:42,192:INFO:Engine for model 'en' has not been set explicitly, hence returning None.
2025-01-29 23:22:42,268:INFO:Engine for model 'svm' has not been set explicitly, hence returning None.
2025-01-29 23:22:42,328:INFO:Engine for model 'knn' has not been set explicitly, hence returning None.
2025-01-29 23:22:42,328:WARNING:
'xgboost' is a soft dependency and not included in the pycaret installation. Please run: `pip install xgboost` to install.
Alternately, you can install this by running `pip install pycaret[models]`
2025-01-29 23:22:42,330:WARNING:
'catboost' is a soft dependency and not included in the pycaret installation. Please run: `pip install catboost` to install.
Alternately, you can install this by running `pip install pycaret[models]`
2025-01-29 23:22:42,330:INFO:Engine successfully changes for model 'lasso' to 'sklearn'.
2025-01-29 23:22:42,336:INFO:Engine for model 'ridge' has not been set explicitly, hence returning None.
2025-01-29 23:22:42,340:INFO:Engine for model 'en' has not been set explicitly, hence returning None.
2025-01-29 23:22:42,414:INFO:Engine for model 'svm' has not been set explicitly, hence returning None.
2025-01-29 23:22:42,470:INFO:Engine for model 'knn' has not been set explicitly, hence returning None.
2025-01-29 23:22:42,471:WARNING:
'xgboost' is a soft dependency and not included in the pycaret installation. Please run: `pip install xgboost` to install.
Alternately, you can install this by running `pip install pycaret[models]`
2025-01-29 23:22:42,471:WARNING:
'catboost' is a soft dependency and not included in the pycaret installation. Please run: `pip install catboost` to install.
Alternately, you can install this by running `pip install pycaret[models]`
2025-01-29 23:22:42,478:INFO:Engine for model 'ridge' has not been set explicitly, hence returning None.
2025-01-29 23:22:42,484:INFO:Engine for model 'en' has not been set explicitly, hence returning None.
2025-01-29 23:22:42,556:INFO:Engine for model 'svm' has not been set explicitly, hence returning None.
2025-01-29 23:22:42,614:INFO:Engine for model 'knn' has not been set explicitly, hence returning None.
2025-01-29 23:22:42,614:WARNING:
'xgboost' is a soft dependency and not included in the pycaret installation. Please run: `pip install xgboost` to install.
Alternately, you can install this by running `pip install pycaret[models]`
2025-01-29 23:22:42,614:WARNING:
'catboost' is a soft dependency and not included in the pycaret installation. Please run: `pip install catboost` to install.
Alternately, you can install this by running `pip install pycaret[models]`
2025-01-29 23:22:42,615:INFO:Engine successfully changes for model 'ridge' to 'sklearn'.
2025-01-29 23:22:42,629:INFO:Engine for model 'en' has not been set explicitly, hence returning None.
2025-01-29 23:22:42,706:INFO:Engine for model 'svm' has not been set explicitly, hence returning None.
2025-01-29 23:22:42,762:INFO:Engine for model 'knn' has not been set explicitly, hence returning None.
2025-01-29 23:22:42,763:WARNING:
'xgboost' is a soft dependency and not included in the pycaret installation. Please run: `pip install xgboost` to install.
Alternately, you can install this by running `pip install pycaret[models]`
2025-01-29 23:22:42,764:WARNING:
'catboost' is a soft dependency and not included in the pycaret installation. Please run: `pip install catboost` to install.
Alternately, you can install this by running `pip install pycaret[models]`
2025-01-29 23:22:42,776:INFO:Engine for model 'en' has not been set explicitly, hence returning None.
2025-01-29 23:22:42,854:INFO:Engine for model 'svm' has not been set explicitly, hence returning None.
2025-01-29 23:22:42,906:INFO:Engine for model 'knn' has not been set explicitly, hence returning None.
2025-01-29 23:22:42,906:WARNING:
'xgboost' is a soft dependency and not included in the pycaret installation. Please run: `pip install xgboost` to install.
Alternately, you can install this by running `pip install pycaret[models]`
2025-01-29 23:22:42,907:WARNING:
'catboost' is a soft dependency and not included in the pycaret installation. Please run: `pip install catboost` to install.
Alternately, you can install this by running `pip install pycaret[models]`
2025-01-29 23:22:42,907:INFO:Engine successfully changes for model 'en' to 'sklearn'.
2025-01-29 23:22:42,992:INFO:Engine for model 'svm' has not been set explicitly, hence returning None.
2025-01-29 23:22:43,047:INFO:Engine for model 'knn' has not been set explicitly, hence returning None.
2025-01-29 23:22:43,047:WARNING:
'xgboost' is a soft dependency and not included in the pycaret installation. Please run: `pip install xgboost` to install.
Alternately, you can install this by running `pip install pycaret[models]`
2025-01-29 23:22:43,048:WARNING:
'catboost' is a soft dependency and not included in the pycaret installation. Please run: `pip install catboost` to install.
Alternately, you can install this by running `pip install pycaret[models]`
2025-01-29 23:22:43,132:INFO:Engine for model 'svm' has not been set explicitly, hence returning None.
2025-01-29 23:22:43,180:INFO:Engine for model 'knn' has not been set explicitly, hence returning None.
2025-01-29 23:22:43,180:WARNING:
'xgboost' is a soft dependency and not included in the pycaret installation. Please run: `pip install xgboost` to install.
Alternately, you can install this by running `pip install pycaret[models]`
2025-01-29 23:22:43,180:WARNING:
'catboost' is a soft dependency and not included in the pycaret installation. Please run: `pip install catboost` to install.
Alternately, you can install this by running `pip install pycaret[models]`
2025-01-29 23:22:43,181:INFO:Engine successfully changes for model 'knn' to 'sklearn'.
2025-01-29 23:22:43,263:INFO:Engine for model 'svm' has not been set explicitly, hence returning None.
2025-01-29 23:22:43,319:WARNING:
'xgboost' is a soft dependency and not included in the pycaret installation. Please run: `pip install xgboost` to install.
Alternately, you can install this by running `pip install pycaret[models]`
2025-01-29 23:22:43,319:WARNING:
'catboost' is a soft dependency and not included in the pycaret installation. Please run: `pip install catboost` to install.
Alternately, you can install this by running `pip install pycaret[models]`
2025-01-29 23:22:43,406:INFO:Engine for model 'svm' has not been set explicitly, hence returning None.
2025-01-29 23:22:43,468:WARNING:
'xgboost' is a soft dependency and not included in the pycaret installation. Please run: `pip install xgboost` to install.
Alternately, you can install this by running `pip install pycaret[models]`
2025-01-29 23:22:43,469:WARNING:
'catboost' is a soft dependency and not included in the pycaret installation. Please run: `pip install catboost` to install.
Alternately, you can install this by running `pip install pycaret[models]`
2025-01-29 23:22:43,469:INFO:Engine successfully changes for model 'svm' to 'sklearn'.
2025-01-29 23:22:43,613:WARNING:
'xgboost' is a soft dependency and not included in the pycaret installation. Please run: `pip install xgboost` to install.
Alternately, you can install this by running `pip install pycaret[models]`
2025-01-29 23:22:43,613:WARNING:
'catboost' is a soft dependency and not included in the pycaret installation. Please run: `pip install catboost` to install.
Alternately, you can install this by running `pip install pycaret[models]`
2025-01-29 23:22:43,762:WARNING:
'xgboost' is a soft dependency and not included in the pycaret installation. Please run: `pip install xgboost` to install.
Alternately, you can install this by running `pip install pycaret[models]`
2025-01-29 23:22:43,762:WARNING:
'catboost' is a soft dependency and not included in the pycaret installation. Please run: `pip install catboost` to install.
Alternately, you can install this by running `pip install pycaret[models]`
2025-01-29 23:22:43,763:INFO:Preparing preprocessing pipeline...
2025-01-29 23:22:43,764:INFO:Set up simple imputation.
2025-01-29 23:22:43,767:INFO:Set up encoding of ordinal features.
2025-01-29 23:22:43,769:INFO:Set up encoding of categorical features.
2025-01-29 23:22:54,422:INFO:PyCaret RegressionExperiment
2025-01-29 23:22:54,422:INFO:Logging name: reg-default-name
2025-01-29 23:22:54,422:INFO:ML Usecase: MLUsecase.REGRESSION
2025-01-29 23:22:54,422:INFO:version 3.3.2
2025-01-29 23:22:54,422:INFO:Initializing setup()
2025-01-29 23:22:54,422:INFO:self.USI: c237
2025-01-29 23:22:54,422:INFO:self._variable_keys: {'transform_target_param', 'memory', 'pipeline', 'fold_shuffle_param', 'X_test', 'X_train', 'gpu_param', 'fold_groups_param', '_ml_usecase', 'y_train', 'idx', 'data', '_available_plots', 'seed', 'y', 'exp_id', 'USI', 'exp_name_log', 'fold_generator', 'gpu_n_jobs_param', 'html_param', 'X', 'logging_param', 'log_plots_param', 'n_jobs_param', 'target_param', 'y_test'}
2025-01-29 23:22:54,422:INFO:Checking environment
2025-01-29 23:22:54,422:INFO:python_version: 3.10.11
2025-01-29 23:22:54,423:INFO:python_build: ('tags/v3.10.11:7d4cc5a', 'Apr  5 2023 00:38:17')
2025-01-29 23:22:54,423:INFO:machine: AMD64
2025-01-29 23:22:54,423:INFO:platform: Windows-10-10.0.22631-SP0
2025-01-29 23:22:54,427:INFO:Memory: svmem(total=16477032448, available=4962967552, percent=69.9, used=11514064896, free=4962967552)
2025-01-29 23:22:54,428:INFO:Physical Core: 8
2025-01-29 23:22:54,428:INFO:Logical Core: 16
2025-01-29 23:22:54,428:INFO:Checking libraries
2025-01-29 23:22:54,428:INFO:System:
2025-01-29 23:22:54,428:INFO:    python: 3.10.11 (tags/v3.10.11:7d4cc5a, Apr  5 2023, 00:38:17) [MSC v.1929 64 bit (AMD64)]
2025-01-29 23:22:54,428:INFO:executable: E:\Projects\AutoML\automl\Scripts\python.exe
2025-01-29 23:22:54,428:INFO:   machine: Windows-10-10.0.22631-SP0
2025-01-29 23:22:54,428:INFO:PyCaret required dependencies:
2025-01-29 23:22:54,428:INFO:                 pip: 23.0.1
2025-01-29 23:22:54,428:INFO:          setuptools: 65.5.0
2025-01-29 23:22:54,428:INFO:             pycaret: 3.3.2
2025-01-29 23:22:54,428:INFO:             IPython: 8.31.0
2025-01-29 23:22:54,428:INFO:          ipywidgets: 8.1.5
2025-01-29 23:22:54,428:INFO:                tqdm: 4.67.1
2025-01-29 23:22:54,428:INFO:               numpy: 1.26.4
2025-01-29 23:22:54,428:INFO:              pandas: 2.1.4
2025-01-29 23:22:54,428:INFO:              jinja2: 3.1.5
2025-01-29 23:22:54,428:INFO:               scipy: 1.11.4
2025-01-29 23:22:54,429:INFO:              joblib: 1.3.2
2025-01-29 23:22:54,429:INFO:             sklearn: 1.4.2
2025-01-29 23:22:54,429:INFO:                pyod: 2.0.3
2025-01-29 23:22:54,429:INFO:            imblearn: 0.13.0
2025-01-29 23:22:54,429:INFO:   category_encoders: 2.7.0
2025-01-29 23:22:54,429:INFO:            lightgbm: 4.5.0
2025-01-29 23:22:54,429:INFO:               numba: 0.61.0
2025-01-29 23:22:54,429:INFO:            requests: 2.32.3
2025-01-29 23:22:54,429:INFO:          matplotlib: 3.7.5
2025-01-29 23:22:54,429:INFO:          scikitplot: 0.3.7
2025-01-29 23:22:54,429:INFO:         yellowbrick: 1.5
2025-01-29 23:22:54,429:INFO:              plotly: 5.24.1
2025-01-29 23:22:54,429:INFO:    plotly-resampler: Not installed
2025-01-29 23:22:54,429:INFO:             kaleido: 0.2.1
2025-01-29 23:22:54,429:INFO:           schemdraw: 0.15
2025-01-29 23:22:54,429:INFO:         statsmodels: 0.14.4
2025-01-29 23:22:54,429:INFO:              sktime: 0.26.0
2025-01-29 23:22:54,429:INFO:               tbats: 1.1.3
2025-01-29 23:22:54,429:INFO:            pmdarima: 2.0.4
2025-01-29 23:22:54,429:INFO:              psutil: 6.1.1
2025-01-29 23:22:54,429:INFO:          markupsafe: 3.0.2
2025-01-29 23:22:54,429:INFO:             pickle5: Not installed
2025-01-29 23:22:54,429:INFO:         cloudpickle: 3.1.1
2025-01-29 23:22:54,429:INFO:         deprecation: 2.1.0
2025-01-29 23:22:54,429:INFO:              xxhash: 3.5.0
2025-01-29 23:22:54,429:INFO:           wurlitzer: Not installed
2025-01-29 23:22:54,429:INFO:PyCaret optional dependencies:
2025-01-29 23:22:54,429:INFO:                shap: Not installed
2025-01-29 23:22:54,429:INFO:           interpret: Not installed
2025-01-29 23:22:54,429:INFO:                umap: Not installed
2025-01-29 23:22:54,429:INFO:     ydata_profiling: 4.12.2
2025-01-29 23:22:54,430:INFO:  explainerdashboard: Not installed
2025-01-29 23:22:54,430:INFO:             autoviz: Not installed
2025-01-29 23:22:54,430:INFO:           fairlearn: Not installed
2025-01-29 23:22:54,430:INFO:          deepchecks: Not installed
2025-01-29 23:22:54,430:INFO:             xgboost: Not installed
2025-01-29 23:22:54,430:INFO:            catboost: Not installed
2025-01-29 23:22:54,430:INFO:              kmodes: Not installed
2025-01-29 23:22:54,430:INFO:             mlxtend: Not installed
2025-01-29 23:22:54,430:INFO:       statsforecast: Not installed
2025-01-29 23:22:54,430:INFO:        tune_sklearn: Not installed
2025-01-29 23:22:54,430:INFO:                 ray: Not installed
2025-01-29 23:22:54,431:INFO:            hyperopt: Not installed
2025-01-29 23:22:54,431:INFO:              optuna: Not installed
2025-01-29 23:22:54,431:INFO:               skopt: Not installed
2025-01-29 23:22:54,431:INFO:              mlflow: Not installed
2025-01-29 23:22:54,431:INFO:              gradio: Not installed
2025-01-29 23:22:54,431:INFO:             fastapi: Not installed
2025-01-29 23:22:54,431:INFO:             uvicorn: Not installed
2025-01-29 23:22:54,431:INFO:              m2cgen: Not installed
2025-01-29 23:22:54,431:INFO:           evidently: Not installed
2025-01-29 23:22:54,431:INFO:               fugue: Not installed
2025-01-29 23:22:54,431:INFO:           streamlit: 1.41.1
2025-01-29 23:22:54,431:INFO:             prophet: Not installed
2025-01-29 23:22:54,431:INFO:None
2025-01-29 23:22:54,431:INFO:Set up data.
2025-01-29 23:22:54,437:INFO:Set up folding strategy.
2025-01-29 23:22:54,437:INFO:Set up train/test split.
2025-01-29 23:22:54,441:INFO:Set up index.
2025-01-29 23:22:54,441:INFO:Assigning column types.
2025-01-29 23:22:54,444:INFO:Engine successfully changes for model 'lr' to 'sklearn'.
2025-01-29 23:22:54,444:INFO:Engine for model 'lasso' has not been set explicitly, hence returning None.
2025-01-29 23:22:54,450:INFO:Engine for model 'ridge' has not been set explicitly, hence returning None.
2025-01-29 23:22:54,455:INFO:Engine for model 'en' has not been set explicitly, hence returning None.
2025-01-29 23:22:54,530:INFO:Engine for model 'svm' has not been set explicitly, hence returning None.
2025-01-29 23:22:54,586:INFO:Engine for model 'knn' has not been set explicitly, hence returning None.
2025-01-29 23:22:54,587:WARNING:
'xgboost' is a soft dependency and not included in the pycaret installation. Please run: `pip install xgboost` to install.
Alternately, you can install this by running `pip install pycaret[models]`
2025-01-29 23:22:54,587:WARNING:
'catboost' is a soft dependency and not included in the pycaret installation. Please run: `pip install catboost` to install.
Alternately, you can install this by running `pip install pycaret[models]`
2025-01-29 23:22:54,587:INFO:Engine for model 'lasso' has not been set explicitly, hence returning None.
2025-01-29 23:22:54,593:INFO:Engine for model 'ridge' has not been set explicitly, hence returning None.
2025-01-29 23:22:54,598:INFO:Engine for model 'en' has not been set explicitly, hence returning None.
2025-01-29 23:22:54,667:INFO:Engine for model 'svm' has not been set explicitly, hence returning None.
2025-01-29 23:22:54,725:INFO:Engine for model 'knn' has not been set explicitly, hence returning None.
2025-01-29 23:22:54,725:WARNING:
'xgboost' is a soft dependency and not included in the pycaret installation. Please run: `pip install xgboost` to install.
Alternately, you can install this by running `pip install pycaret[models]`
2025-01-29 23:22:54,726:WARNING:
'catboost' is a soft dependency and not included in the pycaret installation. Please run: `pip install catboost` to install.
Alternately, you can install this by running `pip install pycaret[models]`
2025-01-29 23:22:54,727:INFO:Engine successfully changes for model 'lasso' to 'sklearn'.
2025-01-29 23:22:54,733:INFO:Engine for model 'ridge' has not been set explicitly, hence returning None.
2025-01-29 23:22:54,738:INFO:Engine for model 'en' has not been set explicitly, hence returning None.
2025-01-29 23:22:54,798:INFO:Engine for model 'svm' has not been set explicitly, hence returning None.
2025-01-29 23:22:54,848:INFO:Engine for model 'knn' has not been set explicitly, hence returning None.
2025-01-29 23:22:54,848:WARNING:
'xgboost' is a soft dependency and not included in the pycaret installation. Please run: `pip install xgboost` to install.
Alternately, you can install this by running `pip install pycaret[models]`
2025-01-29 23:22:54,848:WARNING:
'catboost' is a soft dependency and not included in the pycaret installation. Please run: `pip install catboost` to install.
Alternately, you can install this by running `pip install pycaret[models]`
2025-01-29 23:22:54,854:INFO:Engine for model 'ridge' has not been set explicitly, hence returning None.
2025-01-29 23:22:54,860:INFO:Engine for model 'en' has not been set explicitly, hence returning None.
2025-01-29 23:22:54,922:INFO:Engine for model 'svm' has not been set explicitly, hence returning None.
2025-01-29 23:22:54,968:INFO:Engine for model 'knn' has not been set explicitly, hence returning None.
2025-01-29 23:22:54,969:WARNING:
'xgboost' is a soft dependency and not included in the pycaret installation. Please run: `pip install xgboost` to install.
Alternately, you can install this by running `pip install pycaret[models]`
2025-01-29 23:22:54,970:WARNING:
'catboost' is a soft dependency and not included in the pycaret installation. Please run: `pip install catboost` to install.
Alternately, you can install this by running `pip install pycaret[models]`
2025-01-29 23:22:54,970:INFO:Engine successfully changes for model 'ridge' to 'sklearn'.
2025-01-29 23:22:54,980:INFO:Engine for model 'en' has not been set explicitly, hence returning None.
2025-01-29 23:22:55,039:INFO:Engine for model 'svm' has not been set explicitly, hence returning None.
2025-01-29 23:22:55,100:INFO:Engine for model 'knn' has not been set explicitly, hence returning None.
2025-01-29 23:22:55,101:WARNING:
'xgboost' is a soft dependency and not included in the pycaret installation. Please run: `pip install xgboost` to install.
Alternately, you can install this by running `pip install pycaret[models]`
2025-01-29 23:22:55,102:WARNING:
'catboost' is a soft dependency and not included in the pycaret installation. Please run: `pip install catboost` to install.
Alternately, you can install this by running `pip install pycaret[models]`
2025-01-29 23:22:55,115:INFO:Engine for model 'en' has not been set explicitly, hence returning None.
2025-01-29 23:22:55,184:INFO:Engine for model 'svm' has not been set explicitly, hence returning None.
2025-01-29 23:22:55,242:INFO:Engine for model 'knn' has not been set explicitly, hence returning None.
2025-01-29 23:22:55,243:WARNING:
'xgboost' is a soft dependency and not included in the pycaret installation. Please run: `pip install xgboost` to install.
Alternately, you can install this by running `pip install pycaret[models]`
2025-01-29 23:22:55,243:WARNING:
'catboost' is a soft dependency and not included in the pycaret installation. Please run: `pip install catboost` to install.
Alternately, you can install this by running `pip install pycaret[models]`
2025-01-29 23:22:55,244:INFO:Engine successfully changes for model 'en' to 'sklearn'.
2025-01-29 23:22:55,326:INFO:Engine for model 'svm' has not been set explicitly, hence returning None.
2025-01-29 23:22:55,379:INFO:Engine for model 'knn' has not been set explicitly, hence returning None.
2025-01-29 23:22:55,380:WARNING:
'xgboost' is a soft dependency and not included in the pycaret installation. Please run: `pip install xgboost` to install.
Alternately, you can install this by running `pip install pycaret[models]`
2025-01-29 23:22:55,380:WARNING:
'catboost' is a soft dependency and not included in the pycaret installation. Please run: `pip install catboost` to install.
Alternately, you can install this by running `pip install pycaret[models]`
2025-01-29 23:22:55,464:INFO:Engine for model 'svm' has not been set explicitly, hence returning None.
2025-01-29 23:22:55,518:INFO:Engine for model 'knn' has not been set explicitly, hence returning None.
2025-01-29 23:22:55,518:WARNING:
'xgboost' is a soft dependency and not included in the pycaret installation. Please run: `pip install xgboost` to install.
Alternately, you can install this by running `pip install pycaret[models]`
2025-01-29 23:22:55,518:WARNING:
'catboost' is a soft dependency and not included in the pycaret installation. Please run: `pip install catboost` to install.
Alternately, you can install this by running `pip install pycaret[models]`
2025-01-29 23:22:55,519:INFO:Engine successfully changes for model 'knn' to 'sklearn'.
2025-01-29 23:22:55,596:INFO:Engine for model 'svm' has not been set explicitly, hence returning None.
2025-01-29 23:22:55,648:WARNING:
'xgboost' is a soft dependency and not included in the pycaret installation. Please run: `pip install xgboost` to install.
Alternately, you can install this by running `pip install pycaret[models]`
2025-01-29 23:22:55,649:WARNING:
'catboost' is a soft dependency and not included in the pycaret installation. Please run: `pip install catboost` to install.
Alternately, you can install this by running `pip install pycaret[models]`
2025-01-29 23:22:55,720:INFO:Engine for model 'svm' has not been set explicitly, hence returning None.
2025-01-29 23:22:55,777:WARNING:
'xgboost' is a soft dependency and not included in the pycaret installation. Please run: `pip install xgboost` to install.
Alternately, you can install this by running `pip install pycaret[models]`
2025-01-29 23:22:55,777:WARNING:
'catboost' is a soft dependency and not included in the pycaret installation. Please run: `pip install catboost` to install.
Alternately, you can install this by running `pip install pycaret[models]`
2025-01-29 23:22:55,778:INFO:Engine successfully changes for model 'svm' to 'sklearn'.
2025-01-29 23:22:55,918:WARNING:
'xgboost' is a soft dependency and not included in the pycaret installation. Please run: `pip install xgboost` to install.
Alternately, you can install this by running `pip install pycaret[models]`
2025-01-29 23:22:55,918:WARNING:
'catboost' is a soft dependency and not included in the pycaret installation. Please run: `pip install catboost` to install.
Alternately, you can install this by running `pip install pycaret[models]`
2025-01-29 23:22:56,055:WARNING:
'xgboost' is a soft dependency and not included in the pycaret installation. Please run: `pip install xgboost` to install.
Alternately, you can install this by running `pip install pycaret[models]`
2025-01-29 23:22:56,056:WARNING:
'catboost' is a soft dependency and not included in the pycaret installation. Please run: `pip install catboost` to install.
Alternately, you can install this by running `pip install pycaret[models]`
2025-01-29 23:22:56,057:INFO:Preparing preprocessing pipeline...
2025-01-29 23:22:56,057:INFO:Set up simple imputation.
2025-01-29 23:22:56,059:INFO:Set up encoding of categorical features.
2025-01-29 23:24:31,001:INFO:PyCaret RegressionExperiment
2025-01-29 23:24:31,001:INFO:Logging name: reg-default-name
2025-01-29 23:24:31,002:INFO:ML Usecase: MLUsecase.REGRESSION
2025-01-29 23:24:31,002:INFO:version 3.3.2
2025-01-29 23:24:31,002:INFO:Initializing setup()
2025-01-29 23:24:31,002:INFO:self.USI: d18a
2025-01-29 23:24:31,002:INFO:self._variable_keys: {'transform_target_param', 'memory', 'pipeline', 'fold_shuffle_param', 'X_test', 'X_train', 'gpu_param', 'fold_groups_param', '_ml_usecase', 'y_train', 'idx', 'data', '_available_plots', 'seed', 'y', 'exp_id', 'USI', 'exp_name_log', 'fold_generator', 'gpu_n_jobs_param', 'html_param', 'X', 'logging_param', 'log_plots_param', 'n_jobs_param', 'target_param', 'y_test'}
2025-01-29 23:24:31,002:INFO:Checking environment
2025-01-29 23:24:31,002:INFO:python_version: 3.10.11
2025-01-29 23:24:31,002:INFO:python_build: ('tags/v3.10.11:7d4cc5a', 'Apr  5 2023 00:38:17')
2025-01-29 23:24:31,002:INFO:machine: AMD64
2025-01-29 23:24:31,002:INFO:platform: Windows-10-10.0.22631-SP0
2025-01-29 23:24:31,005:INFO:Memory: svmem(total=16477032448, available=4953755648, percent=69.9, used=11523276800, free=4953755648)
2025-01-29 23:24:31,005:INFO:Physical Core: 8
2025-01-29 23:24:31,006:INFO:Logical Core: 16
2025-01-29 23:24:31,006:INFO:Checking libraries
2025-01-29 23:24:31,006:INFO:System:
2025-01-29 23:24:31,006:INFO:    python: 3.10.11 (tags/v3.10.11:7d4cc5a, Apr  5 2023, 00:38:17) [MSC v.1929 64 bit (AMD64)]
2025-01-29 23:24:31,006:INFO:executable: E:\Projects\AutoML\automl\Scripts\python.exe
2025-01-29 23:24:31,006:INFO:   machine: Windows-10-10.0.22631-SP0
2025-01-29 23:24:31,006:INFO:PyCaret required dependencies:
2025-01-29 23:24:31,006:INFO:                 pip: 23.0.1
2025-01-29 23:24:31,006:INFO:          setuptools: 65.5.0
2025-01-29 23:24:31,006:INFO:             pycaret: 3.3.2
2025-01-29 23:24:31,006:INFO:             IPython: 8.31.0
2025-01-29 23:24:31,006:INFO:          ipywidgets: 8.1.5
2025-01-29 23:24:31,006:INFO:                tqdm: 4.67.1
2025-01-29 23:24:31,006:INFO:               numpy: 1.26.4
2025-01-29 23:24:31,006:INFO:              pandas: 2.1.4
2025-01-29 23:24:31,006:INFO:              jinja2: 3.1.5
2025-01-29 23:24:31,006:INFO:               scipy: 1.11.4
2025-01-29 23:24:31,006:INFO:              joblib: 1.3.2
2025-01-29 23:24:31,006:INFO:             sklearn: 1.4.2
2025-01-29 23:24:31,006:INFO:                pyod: 2.0.3
2025-01-29 23:24:31,006:INFO:            imblearn: 0.13.0
2025-01-29 23:24:31,006:INFO:   category_encoders: 2.7.0
2025-01-29 23:24:31,006:INFO:            lightgbm: 4.5.0
2025-01-29 23:24:31,006:INFO:               numba: 0.61.0
2025-01-29 23:24:31,006:INFO:            requests: 2.32.3
2025-01-29 23:24:31,006:INFO:          matplotlib: 3.7.5
2025-01-29 23:24:31,006:INFO:          scikitplot: 0.3.7
2025-01-29 23:24:31,006:INFO:         yellowbrick: 1.5
2025-01-29 23:24:31,006:INFO:              plotly: 5.24.1
2025-01-29 23:24:31,007:INFO:    plotly-resampler: Not installed
2025-01-29 23:24:31,007:INFO:             kaleido: 0.2.1
2025-01-29 23:24:31,007:INFO:           schemdraw: 0.15
2025-01-29 23:24:31,007:INFO:         statsmodels: 0.14.4
2025-01-29 23:24:31,007:INFO:              sktime: 0.26.0
2025-01-29 23:24:31,007:INFO:               tbats: 1.1.3
2025-01-29 23:24:31,007:INFO:            pmdarima: 2.0.4
2025-01-29 23:24:31,007:INFO:              psutil: 6.1.1
2025-01-29 23:24:31,007:INFO:          markupsafe: 3.0.2
2025-01-29 23:24:31,007:INFO:             pickle5: Not installed
2025-01-29 23:24:31,007:INFO:         cloudpickle: 3.1.1
2025-01-29 23:24:31,007:INFO:         deprecation: 2.1.0
2025-01-29 23:24:31,007:INFO:              xxhash: 3.5.0
2025-01-29 23:24:31,007:INFO:           wurlitzer: Not installed
2025-01-29 23:24:31,007:INFO:PyCaret optional dependencies:
2025-01-29 23:24:31,007:INFO:                shap: Not installed
2025-01-29 23:24:31,007:INFO:           interpret: Not installed
2025-01-29 23:24:31,007:INFO:                umap: Not installed
2025-01-29 23:24:31,007:INFO:     ydata_profiling: 4.12.2
2025-01-29 23:24:31,007:INFO:  explainerdashboard: Not installed
2025-01-29 23:24:31,007:INFO:             autoviz: Not installed
2025-01-29 23:24:31,007:INFO:           fairlearn: Not installed
2025-01-29 23:24:31,007:INFO:          deepchecks: Not installed
2025-01-29 23:24:31,007:INFO:             xgboost: Not installed
2025-01-29 23:24:31,007:INFO:            catboost: Not installed
2025-01-29 23:24:31,007:INFO:              kmodes: Not installed
2025-01-29 23:24:31,007:INFO:             mlxtend: Not installed
2025-01-29 23:24:31,007:INFO:       statsforecast: Not installed
2025-01-29 23:24:31,007:INFO:        tune_sklearn: Not installed
2025-01-29 23:24:31,007:INFO:                 ray: Not installed
2025-01-29 23:24:31,007:INFO:            hyperopt: Not installed
2025-01-29 23:24:31,007:INFO:              optuna: Not installed
2025-01-29 23:24:31,007:INFO:               skopt: Not installed
2025-01-29 23:24:31,007:INFO:              mlflow: Not installed
2025-01-29 23:24:31,007:INFO:              gradio: Not installed
2025-01-29 23:24:31,007:INFO:             fastapi: Not installed
2025-01-29 23:24:31,007:INFO:             uvicorn: Not installed
2025-01-29 23:24:31,007:INFO:              m2cgen: Not installed
2025-01-29 23:24:31,007:INFO:           evidently: Not installed
2025-01-29 23:24:31,007:INFO:               fugue: Not installed
2025-01-29 23:24:31,007:INFO:           streamlit: 1.41.1
2025-01-29 23:24:31,007:INFO:             prophet: Not installed
2025-01-29 23:24:31,007:INFO:None
2025-01-29 23:24:31,007:INFO:Set up data.
2025-01-29 23:24:31,014:INFO:Set up folding strategy.
2025-01-29 23:24:31,014:INFO:Set up train/test split.
2025-01-29 23:24:31,017:INFO:Set up index.
2025-01-29 23:24:31,019:INFO:Assigning column types.
2025-01-29 23:24:31,022:INFO:Engine successfully changes for model 'lr' to 'sklearn'.
2025-01-29 23:24:31,023:INFO:Engine for model 'lasso' has not been set explicitly, hence returning None.
2025-01-29 23:24:31,027:INFO:Engine for model 'ridge' has not been set explicitly, hence returning None.
2025-01-29 23:24:31,033:INFO:Engine for model 'en' has not been set explicitly, hence returning None.
2025-01-29 23:24:31,090:INFO:Engine for model 'svm' has not been set explicitly, hence returning None.
2025-01-29 23:24:31,131:INFO:Engine for model 'knn' has not been set explicitly, hence returning None.
2025-01-29 23:24:31,132:WARNING:
'xgboost' is a soft dependency and not included in the pycaret installation. Please run: `pip install xgboost` to install.
Alternately, you can install this by running `pip install pycaret[models]`
2025-01-29 23:24:31,133:WARNING:
'catboost' is a soft dependency and not included in the pycaret installation. Please run: `pip install catboost` to install.
Alternately, you can install this by running `pip install pycaret[models]`
2025-01-29 23:24:31,133:INFO:Engine for model 'lasso' has not been set explicitly, hence returning None.
2025-01-29 23:24:31,137:INFO:Engine for model 'ridge' has not been set explicitly, hence returning None.
2025-01-29 23:24:31,142:INFO:Engine for model 'en' has not been set explicitly, hence returning None.
2025-01-29 23:24:31,197:INFO:Engine for model 'svm' has not been set explicitly, hence returning None.
2025-01-29 23:24:31,246:INFO:Engine for model 'knn' has not been set explicitly, hence returning None.
2025-01-29 23:24:31,247:WARNING:
'xgboost' is a soft dependency and not included in the pycaret installation. Please run: `pip install xgboost` to install.
Alternately, you can install this by running `pip install pycaret[models]`
2025-01-29 23:24:31,248:WARNING:
'catboost' is a soft dependency and not included in the pycaret installation. Please run: `pip install catboost` to install.
Alternately, you can install this by running `pip install pycaret[models]`
2025-01-29 23:24:31,248:INFO:Engine successfully changes for model 'lasso' to 'sklearn'.
2025-01-29 23:24:31,255:INFO:Engine for model 'ridge' has not been set explicitly, hence returning None.
2025-01-29 23:24:31,260:INFO:Engine for model 'en' has not been set explicitly, hence returning None.
2025-01-29 23:24:31,315:INFO:Engine for model 'svm' has not been set explicitly, hence returning None.
2025-01-29 23:24:31,351:INFO:Engine for model 'knn' has not been set explicitly, hence returning None.
2025-01-29 23:24:31,351:WARNING:
'xgboost' is a soft dependency and not included in the pycaret installation. Please run: `pip install xgboost` to install.
Alternately, you can install this by running `pip install pycaret[models]`
2025-01-29 23:24:31,351:WARNING:
'catboost' is a soft dependency and not included in the pycaret installation. Please run: `pip install catboost` to install.
Alternately, you can install this by running `pip install pycaret[models]`
2025-01-29 23:24:31,355:INFO:Engine for model 'ridge' has not been set explicitly, hence returning None.
2025-01-29 23:24:31,359:INFO:Engine for model 'en' has not been set explicitly, hence returning None.
2025-01-29 23:24:31,413:INFO:Engine for model 'svm' has not been set explicitly, hence returning None.
2025-01-29 23:24:31,451:INFO:Engine for model 'knn' has not been set explicitly, hence returning None.
2025-01-29 23:24:31,451:WARNING:
'xgboost' is a soft dependency and not included in the pycaret installation. Please run: `pip install xgboost` to install.
Alternately, you can install this by running `pip install pycaret[models]`
2025-01-29 23:24:31,451:WARNING:
'catboost' is a soft dependency and not included in the pycaret installation. Please run: `pip install catboost` to install.
Alternately, you can install this by running `pip install pycaret[models]`
2025-01-29 23:24:31,452:INFO:Engine successfully changes for model 'ridge' to 'sklearn'.
2025-01-29 23:24:31,460:INFO:Engine for model 'en' has not been set explicitly, hence returning None.
2025-01-29 23:24:31,517:INFO:Engine for model 'svm' has not been set explicitly, hence returning None.
2025-01-29 23:24:31,557:INFO:Engine for model 'knn' has not been set explicitly, hence returning None.
2025-01-29 23:24:31,558:WARNING:
'xgboost' is a soft dependency and not included in the pycaret installation. Please run: `pip install xgboost` to install.
Alternately, you can install this by running `pip install pycaret[models]`
2025-01-29 23:24:31,558:WARNING:
'catboost' is a soft dependency and not included in the pycaret installation. Please run: `pip install catboost` to install.
Alternately, you can install this by running `pip install pycaret[models]`
2025-01-29 23:24:31,566:INFO:Engine for model 'en' has not been set explicitly, hence returning None.
2025-01-29 23:24:31,619:INFO:Engine for model 'svm' has not been set explicitly, hence returning None.
2025-01-29 23:24:31,657:INFO:Engine for model 'knn' has not been set explicitly, hence returning None.
2025-01-29 23:24:31,657:WARNING:
'xgboost' is a soft dependency and not included in the pycaret installation. Please run: `pip install xgboost` to install.
Alternately, you can install this by running `pip install pycaret[models]`
2025-01-29 23:24:31,657:WARNING:
'catboost' is a soft dependency and not included in the pycaret installation. Please run: `pip install catboost` to install.
Alternately, you can install this by running `pip install pycaret[models]`
2025-01-29 23:24:31,659:INFO:Engine successfully changes for model 'en' to 'sklearn'.
2025-01-29 23:24:31,722:INFO:Engine for model 'svm' has not been set explicitly, hence returning None.
2025-01-29 23:24:31,765:INFO:Engine for model 'knn' has not been set explicitly, hence returning None.
2025-01-29 23:24:31,766:WARNING:
'xgboost' is a soft dependency and not included in the pycaret installation. Please run: `pip install xgboost` to install.
Alternately, you can install this by running `pip install pycaret[models]`
2025-01-29 23:24:31,766:WARNING:
'catboost' is a soft dependency and not included in the pycaret installation. Please run: `pip install catboost` to install.
Alternately, you can install this by running `pip install pycaret[models]`
2025-01-29 23:24:31,823:INFO:Engine for model 'svm' has not been set explicitly, hence returning None.
2025-01-29 23:24:31,865:INFO:Engine for model 'knn' has not been set explicitly, hence returning None.
2025-01-29 23:24:31,865:WARNING:
'xgboost' is a soft dependency and not included in the pycaret installation. Please run: `pip install xgboost` to install.
Alternately, you can install this by running `pip install pycaret[models]`
2025-01-29 23:24:31,865:WARNING:
'catboost' is a soft dependency and not included in the pycaret installation. Please run: `pip install catboost` to install.
Alternately, you can install this by running `pip install pycaret[models]`
2025-01-29 23:24:31,865:INFO:Engine successfully changes for model 'knn' to 'sklearn'.
2025-01-29 23:24:31,927:INFO:Engine for model 'svm' has not been set explicitly, hence returning None.
2025-01-29 23:24:31,967:WARNING:
'xgboost' is a soft dependency and not included in the pycaret installation. Please run: `pip install xgboost` to install.
Alternately, you can install this by running `pip install pycaret[models]`
2025-01-29 23:24:31,967:WARNING:
'catboost' is a soft dependency and not included in the pycaret installation. Please run: `pip install catboost` to install.
Alternately, you can install this by running `pip install pycaret[models]`
2025-01-29 23:24:32,043:INFO:Engine for model 'svm' has not been set explicitly, hence returning None.
2025-01-29 23:24:32,091:WARNING:
'xgboost' is a soft dependency and not included in the pycaret installation. Please run: `pip install xgboost` to install.
Alternately, you can install this by running `pip install pycaret[models]`
2025-01-29 23:24:32,091:WARNING:
'catboost' is a soft dependency and not included in the pycaret installation. Please run: `pip install catboost` to install.
Alternately, you can install this by running `pip install pycaret[models]`
2025-01-29 23:24:32,092:INFO:Engine successfully changes for model 'svm' to 'sklearn'.
2025-01-29 23:24:32,205:WARNING:
'xgboost' is a soft dependency and not included in the pycaret installation. Please run: `pip install xgboost` to install.
Alternately, you can install this by running `pip install pycaret[models]`
2025-01-29 23:24:32,205:WARNING:
'catboost' is a soft dependency and not included in the pycaret installation. Please run: `pip install catboost` to install.
Alternately, you can install this by running `pip install pycaret[models]`
2025-01-29 23:24:32,326:WARNING:
'xgboost' is a soft dependency and not included in the pycaret installation. Please run: `pip install xgboost` to install.
Alternately, you can install this by running `pip install pycaret[models]`
2025-01-29 23:24:32,326:WARNING:
'catboost' is a soft dependency and not included in the pycaret installation. Please run: `pip install catboost` to install.
Alternately, you can install this by running `pip install pycaret[models]`
2025-01-29 23:24:32,327:INFO:Preparing preprocessing pipeline...
2025-01-29 23:24:32,328:INFO:Set up simple imputation.
2025-01-29 23:24:32,330:INFO:Set up encoding of ordinal features.
2025-01-29 23:24:32,336:INFO:Set up encoding of categorical features.
2025-01-29 23:27:10,399:WARNING:E:\Projects\AutoML\automl\lib\site-packages\ydata_profiling\model\correlations.py:66: UserWarning: There was an attempt to calculate the auto correlation, but this failed.
To hide this warning, disable the calculation
(using `df.profile_report(correlations={"auto": {"calculate": False}})`
If this is problematic for your use case, please report this as an issue:
https://github.com/ydataai/ydata-profiling/issues
(include the error message: 'Function <code object pandas_auto_compute at 0x000001F1788A7CB0, file "E:\Projects\AutoML\automl\lib\site-packages\ydata_profiling\model\pandas\correlations_pandas.py", line 167>')
  warnings.warn(

2025-01-29 23:29:24,148:WARNING:
'cuml' is a soft dependency and not included in the pycaret installation. Please run: `pip install cuml` to install.
2025-01-29 23:29:24,148:WARNING:
'cuml' is a soft dependency and not included in the pycaret installation. Please run: `pip install cuml` to install.
2025-01-29 23:29:24,149:WARNING:
'cuml' is a soft dependency and not included in the pycaret installation. Please run: `pip install cuml` to install.
2025-01-29 23:29:24,149:WARNING:
'cuml' is a soft dependency and not included in the pycaret installation. Please run: `pip install cuml` to install.
2025-01-29 23:32:45,754:INFO:PyCaret RegressionExperiment
2025-01-29 23:32:45,754:INFO:Logging name: reg-default-name
2025-01-29 23:32:45,754:INFO:ML Usecase: MLUsecase.REGRESSION
2025-01-29 23:32:45,754:INFO:version 3.3.2
2025-01-29 23:32:45,754:INFO:Initializing setup()
2025-01-29 23:32:45,754:INFO:self.USI: 05f4
2025-01-29 23:32:45,754:INFO:self._variable_keys: {'fold_generator', 'X_test', 'seed', '_available_plots', 'gpu_n_jobs_param', 'n_jobs_param', 'transform_target_param', 'logging_param', 'y_train', 'y', 'pipeline', 'exp_name_log', 'log_plots_param', 'fold_groups_param', 'target_param', 'gpu_param', 'data', 'exp_id', 'X_train', 'memory', 'idx', 'html_param', 'y_test', '_ml_usecase', 'USI', 'X', 'fold_shuffle_param'}
2025-01-29 23:32:45,754:INFO:Checking environment
2025-01-29 23:32:45,754:INFO:python_version: 3.10.11
2025-01-29 23:32:45,754:INFO:python_build: ('tags/v3.10.11:7d4cc5a', 'Apr  5 2023 00:38:17')
2025-01-29 23:32:45,754:INFO:machine: AMD64
2025-01-29 23:32:45,762:INFO:platform: Windows-10-10.0.22631-SP0
2025-01-29 23:32:45,767:INFO:Memory: svmem(total=16477032448, available=5497933824, percent=66.6, used=10979098624, free=5497933824)
2025-01-29 23:32:45,767:INFO:Physical Core: 8
2025-01-29 23:32:45,767:INFO:Logical Core: 16
2025-01-29 23:32:45,767:INFO:Checking libraries
2025-01-29 23:32:45,767:INFO:System:
2025-01-29 23:32:45,767:INFO:    python: 3.10.11 (tags/v3.10.11:7d4cc5a, Apr  5 2023, 00:38:17) [MSC v.1929 64 bit (AMD64)]
2025-01-29 23:32:45,767:INFO:executable: E:\Projects\AutoML\automl\Scripts\python.exe
2025-01-29 23:32:45,767:INFO:   machine: Windows-10-10.0.22631-SP0
2025-01-29 23:32:45,767:INFO:PyCaret required dependencies:
2025-01-29 23:32:45,783:INFO:                 pip: 23.0.1
2025-01-29 23:32:45,783:INFO:          setuptools: 65.5.0
2025-01-29 23:32:45,783:INFO:             pycaret: 3.3.2
2025-01-29 23:32:45,783:INFO:             IPython: 8.31.0
2025-01-29 23:32:45,783:INFO:          ipywidgets: 8.1.5
2025-01-29 23:32:45,783:INFO:                tqdm: 4.67.1
2025-01-29 23:32:45,783:INFO:               numpy: 1.26.4
2025-01-29 23:32:45,783:INFO:              pandas: 2.1.4
2025-01-29 23:32:45,783:INFO:              jinja2: 3.1.5
2025-01-29 23:32:45,783:INFO:               scipy: 1.11.4
2025-01-29 23:32:45,783:INFO:              joblib: 1.3.2
2025-01-29 23:32:45,783:INFO:             sklearn: 1.4.2
2025-01-29 23:32:45,783:INFO:                pyod: 2.0.3
2025-01-29 23:32:45,783:INFO:            imblearn: 0.13.0
2025-01-29 23:32:45,783:INFO:   category_encoders: 2.7.0
2025-01-29 23:32:45,783:INFO:            lightgbm: 4.5.0
2025-01-29 23:32:45,783:INFO:               numba: 0.61.0
2025-01-29 23:32:45,783:INFO:            requests: 2.32.3
2025-01-29 23:32:45,783:INFO:          matplotlib: 3.7.5
2025-01-29 23:32:45,783:INFO:          scikitplot: 0.3.7
2025-01-29 23:32:45,783:INFO:         yellowbrick: 1.5
2025-01-29 23:32:45,783:INFO:              plotly: 5.24.1
2025-01-29 23:32:45,784:INFO:    plotly-resampler: Not installed
2025-01-29 23:32:45,784:INFO:             kaleido: 0.2.1
2025-01-29 23:32:45,784:INFO:           schemdraw: 0.15
2025-01-29 23:32:45,784:INFO:         statsmodels: 0.14.4
2025-01-29 23:32:45,784:INFO:              sktime: 0.26.0
2025-01-29 23:32:45,784:INFO:               tbats: 1.1.3
2025-01-29 23:32:45,784:INFO:            pmdarima: 2.0.4
2025-01-29 23:32:45,784:INFO:              psutil: 6.1.1
2025-01-29 23:32:45,784:INFO:          markupsafe: 3.0.2
2025-01-29 23:32:45,784:INFO:             pickle5: Not installed
2025-01-29 23:32:45,784:INFO:         cloudpickle: 3.1.1
2025-01-29 23:32:45,784:INFO:         deprecation: 2.1.0
2025-01-29 23:32:45,784:INFO:              xxhash: 3.5.0
2025-01-29 23:32:45,784:INFO:           wurlitzer: Not installed
2025-01-29 23:32:45,784:INFO:PyCaret optional dependencies:
2025-01-29 23:32:45,794:INFO:                shap: Not installed
2025-01-29 23:32:45,794:INFO:           interpret: Not installed
2025-01-29 23:32:45,794:INFO:                umap: Not installed
2025-01-29 23:32:45,794:INFO:     ydata_profiling: 4.12.2
2025-01-29 23:32:45,794:INFO:  explainerdashboard: Not installed
2025-01-29 23:32:45,794:INFO:             autoviz: Not installed
2025-01-29 23:32:45,794:INFO:           fairlearn: Not installed
2025-01-29 23:32:45,794:INFO:          deepchecks: Not installed
2025-01-29 23:32:45,795:INFO:             xgboost: Not installed
2025-01-29 23:32:45,795:INFO:            catboost: Not installed
2025-01-29 23:32:45,795:INFO:              kmodes: Not installed
2025-01-29 23:32:45,795:INFO:             mlxtend: Not installed
2025-01-29 23:32:45,795:INFO:       statsforecast: Not installed
2025-01-29 23:32:45,795:INFO:        tune_sklearn: Not installed
2025-01-29 23:32:45,795:INFO:                 ray: Not installed
2025-01-29 23:32:45,795:INFO:            hyperopt: Not installed
2025-01-29 23:32:45,795:INFO:              optuna: Not installed
2025-01-29 23:32:45,795:INFO:               skopt: Not installed
2025-01-29 23:32:45,795:INFO:              mlflow: Not installed
2025-01-29 23:32:45,795:INFO:              gradio: Not installed
2025-01-29 23:32:45,795:INFO:             fastapi: Not installed
2025-01-29 23:32:45,795:INFO:             uvicorn: Not installed
2025-01-29 23:32:45,795:INFO:              m2cgen: Not installed
2025-01-29 23:32:45,795:INFO:           evidently: Not installed
2025-01-29 23:32:45,795:INFO:               fugue: Not installed
2025-01-29 23:32:45,795:INFO:           streamlit: 1.41.1
2025-01-29 23:32:45,795:INFO:             prophet: Not installed
2025-01-29 23:32:45,795:INFO:None
2025-01-29 23:32:45,795:INFO:Set up data.
2025-01-29 23:32:45,818:INFO:Set up folding strategy.
2025-01-29 23:32:45,818:INFO:Set up train/test split.
2025-01-29 23:32:45,847:INFO:Set up index.
2025-01-29 23:32:45,848:INFO:Assigning column types.
2025-01-29 23:32:45,873:INFO:Engine successfully changes for model 'lr' to 'sklearn'.
2025-01-29 23:32:45,873:INFO:Engine for model 'lasso' has not been set explicitly, hence returning None.
2025-01-29 23:32:45,878:INFO:Engine for model 'ridge' has not been set explicitly, hence returning None.
2025-01-29 23:32:45,882:INFO:Engine for model 'en' has not been set explicitly, hence returning None.
2025-01-29 23:32:45,957:INFO:Engine for model 'svm' has not been set explicitly, hence returning None.
2025-01-29 23:32:45,998:INFO:Engine for model 'knn' has not been set explicitly, hence returning None.
2025-01-29 23:32:45,999:WARNING:
'xgboost' is a soft dependency and not included in the pycaret installation. Please run: `pip install xgboost` to install.
Alternately, you can install this by running `pip install pycaret[models]`
2025-01-29 23:32:45,999:WARNING:
'catboost' is a soft dependency and not included in the pycaret installation. Please run: `pip install catboost` to install.
Alternately, you can install this by running `pip install pycaret[models]`
2025-01-29 23:32:46,000:INFO:Engine for model 'lasso' has not been set explicitly, hence returning None.
2025-01-29 23:32:46,004:INFO:Engine for model 'ridge' has not been set explicitly, hence returning None.
2025-01-29 23:32:46,008:INFO:Engine for model 'en' has not been set explicitly, hence returning None.
2025-01-29 23:32:46,082:INFO:Engine for model 'svm' has not been set explicitly, hence returning None.
2025-01-29 23:32:46,122:INFO:Engine for model 'knn' has not been set explicitly, hence returning None.
2025-01-29 23:32:46,122:WARNING:
'xgboost' is a soft dependency and not included in the pycaret installation. Please run: `pip install xgboost` to install.
Alternately, you can install this by running `pip install pycaret[models]`
2025-01-29 23:32:46,123:WARNING:
'catboost' is a soft dependency and not included in the pycaret installation. Please run: `pip install catboost` to install.
Alternately, you can install this by running `pip install pycaret[models]`
2025-01-29 23:32:46,123:INFO:Engine successfully changes for model 'lasso' to 'sklearn'.
2025-01-29 23:32:46,128:INFO:Engine for model 'ridge' has not been set explicitly, hence returning None.
2025-01-29 23:32:46,133:INFO:Engine for model 'en' has not been set explicitly, hence returning None.
2025-01-29 23:32:46,204:INFO:Engine for model 'svm' has not been set explicitly, hence returning None.
2025-01-29 23:32:46,249:INFO:Engine for model 'knn' has not been set explicitly, hence returning None.
2025-01-29 23:32:46,250:WARNING:
'xgboost' is a soft dependency and not included in the pycaret installation. Please run: `pip install xgboost` to install.
Alternately, you can install this by running `pip install pycaret[models]`
2025-01-29 23:32:46,250:WARNING:
'catboost' is a soft dependency and not included in the pycaret installation. Please run: `pip install catboost` to install.
Alternately, you can install this by running `pip install pycaret[models]`
2025-01-29 23:32:46,255:INFO:Engine for model 'ridge' has not been set explicitly, hence returning None.
2025-01-29 23:32:46,260:INFO:Engine for model 'en' has not been set explicitly, hence returning None.
2025-01-29 23:32:46,335:INFO:Engine for model 'svm' has not been set explicitly, hence returning None.
2025-01-29 23:32:46,381:INFO:Engine for model 'knn' has not been set explicitly, hence returning None.
2025-01-29 23:32:46,381:WARNING:
'xgboost' is a soft dependency and not included in the pycaret installation. Please run: `pip install xgboost` to install.
Alternately, you can install this by running `pip install pycaret[models]`
2025-01-29 23:32:46,382:WARNING:
'catboost' is a soft dependency and not included in the pycaret installation. Please run: `pip install catboost` to install.
Alternately, you can install this by running `pip install pycaret[models]`
2025-01-29 23:32:46,382:INFO:Engine successfully changes for model 'ridge' to 'sklearn'.
2025-01-29 23:32:46,392:INFO:Engine for model 'en' has not been set explicitly, hence returning None.
2025-01-29 23:32:46,470:INFO:Engine for model 'svm' has not been set explicitly, hence returning None.
2025-01-29 23:32:46,509:INFO:Engine for model 'knn' has not been set explicitly, hence returning None.
2025-01-29 23:32:46,509:WARNING:
'xgboost' is a soft dependency and not included in the pycaret installation. Please run: `pip install xgboost` to install.
Alternately, you can install this by running `pip install pycaret[models]`
2025-01-29 23:32:46,510:WARNING:
'catboost' is a soft dependency and not included in the pycaret installation. Please run: `pip install catboost` to install.
Alternately, you can install this by running `pip install pycaret[models]`
2025-01-29 23:32:46,517:INFO:Engine for model 'en' has not been set explicitly, hence returning None.
2025-01-29 23:32:46,591:INFO:Engine for model 'svm' has not been set explicitly, hence returning None.
2025-01-29 23:32:46,633:INFO:Engine for model 'knn' has not been set explicitly, hence returning None.
2025-01-29 23:32:46,634:WARNING:
'xgboost' is a soft dependency and not included in the pycaret installation. Please run: `pip install xgboost` to install.
Alternately, you can install this by running `pip install pycaret[models]`
2025-01-29 23:32:46,634:WARNING:
'catboost' is a soft dependency and not included in the pycaret installation. Please run: `pip install catboost` to install.
Alternately, you can install this by running `pip install pycaret[models]`
2025-01-29 23:32:46,634:INFO:Engine successfully changes for model 'en' to 'sklearn'.
2025-01-29 23:32:46,720:INFO:Engine for model 'svm' has not been set explicitly, hence returning None.
2025-01-29 23:32:46,763:INFO:Engine for model 'knn' has not been set explicitly, hence returning None.
2025-01-29 23:32:46,764:WARNING:
'xgboost' is a soft dependency and not included in the pycaret installation. Please run: `pip install xgboost` to install.
Alternately, you can install this by running `pip install pycaret[models]`
2025-01-29 23:32:46,764:WARNING:
'catboost' is a soft dependency and not included in the pycaret installation. Please run: `pip install catboost` to install.
Alternately, you can install this by running `pip install pycaret[models]`
2025-01-29 23:32:46,850:INFO:Engine for model 'svm' has not been set explicitly, hence returning None.
2025-01-29 23:32:46,895:INFO:Engine for model 'knn' has not been set explicitly, hence returning None.
2025-01-29 23:32:46,896:WARNING:
'xgboost' is a soft dependency and not included in the pycaret installation. Please run: `pip install xgboost` to install.
Alternately, you can install this by running `pip install pycaret[models]`
2025-01-29 23:32:46,896:WARNING:
'catboost' is a soft dependency and not included in the pycaret installation. Please run: `pip install catboost` to install.
Alternately, you can install this by running `pip install pycaret[models]`
2025-01-29 23:32:46,896:INFO:Engine successfully changes for model 'knn' to 'sklearn'.
2025-01-29 23:32:46,983:INFO:Engine for model 'svm' has not been set explicitly, hence returning None.
2025-01-29 23:32:47,027:WARNING:
'xgboost' is a soft dependency and not included in the pycaret installation. Please run: `pip install xgboost` to install.
Alternately, you can install this by running `pip install pycaret[models]`
2025-01-29 23:32:47,027:WARNING:
'catboost' is a soft dependency and not included in the pycaret installation. Please run: `pip install catboost` to install.
Alternately, you can install this by running `pip install pycaret[models]`
2025-01-29 23:32:47,111:INFO:Engine for model 'svm' has not been set explicitly, hence returning None.
2025-01-29 23:32:47,153:WARNING:
'xgboost' is a soft dependency and not included in the pycaret installation. Please run: `pip install xgboost` to install.
Alternately, you can install this by running `pip install pycaret[models]`
2025-01-29 23:32:47,154:WARNING:
'catboost' is a soft dependency and not included in the pycaret installation. Please run: `pip install catboost` to install.
Alternately, you can install this by running `pip install pycaret[models]`
2025-01-29 23:32:47,154:INFO:Engine successfully changes for model 'svm' to 'sklearn'.
2025-01-29 23:32:47,275:WARNING:
'xgboost' is a soft dependency and not included in the pycaret installation. Please run: `pip install xgboost` to install.
Alternately, you can install this by running `pip install pycaret[models]`
2025-01-29 23:32:47,276:WARNING:
'catboost' is a soft dependency and not included in the pycaret installation. Please run: `pip install catboost` to install.
Alternately, you can install this by running `pip install pycaret[models]`
2025-01-29 23:32:47,399:WARNING:
'xgboost' is a soft dependency and not included in the pycaret installation. Please run: `pip install xgboost` to install.
Alternately, you can install this by running `pip install pycaret[models]`
2025-01-29 23:32:47,400:WARNING:
'catboost' is a soft dependency and not included in the pycaret installation. Please run: `pip install catboost` to install.
Alternately, you can install this by running `pip install pycaret[models]`
2025-01-29 23:32:47,402:INFO:Preparing preprocessing pipeline...
2025-01-29 23:32:47,402:INFO:Set up simple imputation.
2025-01-29 23:32:47,406:INFO:Set up column name cleaning.
2025-01-29 23:32:47,522:INFO:Finished creating preprocessing pipeline.
2025-01-29 23:32:47,526:INFO:Pipeline: Pipeline(memory=FastMemory(location=C:\Users\piyus\AppData\Local\Temp\joblib),
         steps=[('numerical_imputer',
                 TransformerWrapper(include=['Age', 'RoomService', 'FoodCourt',
                                             'ShoppingMall', 'Spa', 'VRDeck'],
                                    transformer=SimpleImputer())),
                ('categorical_imputer',
                 TransformerWrapper(include=[],
                                    transformer=SimpleImputer(strategy='most_frequent'))),
                ('clean_column_names',
                 TransformerWrapper(transformer=CleanColumnNames()))])
2025-01-29 23:32:47,526:INFO:Creating final display dataframe.
